Start testing: Mar 08 06:03 EST
----------------------------------------------------------
1/2 Testing: hello_test
1/2 Test: hello_test
Command: "/home/student/cpp/test_samples/build/hello_test"
Directory: /home/student/cpp/test_samples/build
"hello_test" start time: Mar 08 06:03 EST
Output:
----------------------------------------------------------
Running main() from /home/student/cpp/test_samples/build/_deps/googletest-src/googletest/src/gtest_main.cc
[==========] Running 1 test from 1 test suite.
[----------] Global test environment set-up.
[----------] 1 test from HelloTest
[ RUN      ] HelloTest.BasicAssertions
[       OK ] HelloTest.BasicAssertions (0 ms)
[----------] 1 test from HelloTest (0 ms total)

[----------] Global test environment tear-down
[==========] 1 test from 1 test suite ran. (0 ms total)
[  PASSED  ] 1 test.
<end of output>
Test time =   0.00 sec
----------------------------------------------------------
Test Passed.
"hello_test" end time: Mar 08 06:03 EST
"hello_test" time elapsed: 00:00:00
----------------------------------------------------------

2/2 Testing: sample1_test
2/2 Test: sample1_test
Command: "/home/student/cpp/test_samples/build/sample1_test"
Directory: /home/student/cpp/test_samples/build
"sample1_test" start time: Mar 08 06:03 EST
Output:
----------------------------------------------------------
Running main() from /home/student/cpp/test_samples/build/_deps/googletest-src/googletest/src/gtest_main.cc
[==========] Running 6 tests from 2 test suites.
[----------] Global test environment set-up.
[----------] 3 tests from FactorialTest
[ RUN      ] FactorialTest.Negative
[       OK ] FactorialTest.Negative (0 ms)
[ RUN      ] FactorialTest.Zero
[       OK ] FactorialTest.Zero (0 ms)
[ RUN      ] FactorialTest.Positive
[       OK ] FactorialTest.Positive (0 ms)
[----------] 3 tests from FactorialTest (0 ms total)

[----------] 3 tests from IsPrimeTest
[ RUN      ] IsPrimeTest.Negative
[       OK ] IsPrimeTest.Negative (0 ms)
[ RUN      ] IsPrimeTest.Trivial
[       OK ] IsPrimeTest.Trivial (0 ms)
[ RUN      ] IsPrimeTest.Positive
[       OK ] IsPrimeTest.Positive (0 ms)
[----------] 3 tests from IsPrimeTest (0 ms total)

[----------] Global test environment tear-down
[==========] 6 tests from 2 test suites ran. (0 ms total)
[  PASSED  ] 6 tests.
<end of output>
Test time =   0.00 sec
----------------------------------------------------------
Test Passed.
"sample1_test" end time: Mar 08 06:03 EST
"sample1_test" time elapsed: 00:00:00
----------------------------------------------------------

End testing: Mar 08 06:03 EST
